<?xml version="1.0" encoding="UTF-8"?>
<testsuite name="functional.LoginTests" tests="1" skipped="0" failures="0" errors="0" timestamp="2024-02-09T16:26:11" hostname="CARLOS" time="3.557">
  <properties/>
  <testcase name="validarLoginComSenhaInvalido()" classname="functional.LoginTests" time="3.557"/>
  <system-out><![CDATA[Request method:	POST
Request URI:	https://serverest.dev/login
Proxy:			<none>
Request params:	<none>
Query params:	<none>
Form params:	<none>
Path params:	<none>
Headers:		Accept=application/json, application/javascript, text/javascript, text/json
				Content-Type=application/json
Cookies:		<none>
Multiparts:		<none>
Body:
{
    "email": "fulano@qa.com",
    "password": "teste12"
}
]]></system-out>
  <system-err><![CDATA[]]></system-err>
</testsuite>
